Build started 26/11/2014 12:40:05.
Project "E:\algo_pieter\knutt_morris_prath\knutt_morris_prath\knutt_morris_prath.vcxproj" on node 2 (Build target(s)).
ClCompile:
  C:\Program Files (x86)\Microsoft Visual Studio 12.0\VC\bin\CL.exe /c /ZI /nologo /W3 /WX- /Od /Oy- /D WIN32 /D _DEBUG /D _CONSOLE /D _LIB /D _UNICODE /D UNICODE /Gm /EHsc /RTC1 /MDd /GS /fp:precise /Zc:wchar_t /Zc:forScope /Fo"Debug\\" /Fd"Debug\vc120.pdb" /Gd /TP /analyze- /errorReport:prompt knutt_morris_prath.cpp
  knutt_morris_prath.cpp
e:\algo_pieter\knutt_morris_prath\knutt_morris_prath\knuttmpratt.h(28): warning C4018: '<' : signed/unsigned mismatch
e:\algo_pieter\knutt_morris_prath\knutt_morris_prath\knuttmpratt.h(41): warning C4018: '<' : signed/unsigned mismatch
e:\algo_pieter\knutt_morris_prath\knutt_morris_prath\knuttmpratt.h(60): warning C4018: '<' : signed/unsigned mismatch
e:\algo_pieter\knutt_morris_prath\knutt_morris_prath\knuttmpratt.h(68): warning C4018: '<' : signed/unsigned mismatch
e:\algo_pieter\knutt_morris_prath\knutt_morris_prath\knuttmpratt.h(72): warning C4018: '<' : signed/unsigned mismatch
e:\algo_pieter\knutt_morris_prath\knutt_morris_prath\knuttmpratt.h(94): warning C4018: '<' : signed/unsigned mismatch
e:\algo_pieter\knutt_morris_prath\knutt_morris_prath\knuttmpratt.h(109): warning C4018: '<' : signed/unsigned mismatch
e:\algo_pieter\knutt_morris_prath\knutt_morris_prath\knuttmpratt.h(113): warning C4018: '<' : signed/unsigned mismatch
Link:
  C:\Program Files (x86)\Microsoft Visual Studio 12.0\VC\bin\link.exe /ERRORREPORT:PROMPT /OUT:"E:\algo_pieter\knutt_morris_prath\Debug\knutt_morris_prath.exe" /INCREMENTAL /NOLOGO kernel32.lib user32.lib gdi32.lib winspool.lib comdlg32.lib advapi32.lib shell32.lib ole32.lib oleaut32.lib uuid.lib odbc32.lib odbccp32.lib /MANIFEST /MANIFESTUAC:"level='asInvoker' uiAccess='false'" /manifest:embed /DEBUG /PDB:"E:\algo_pieter\knutt_morris_prath\Debug\knutt_morris_prath.pdb" /SUBSYSTEM:CONSOLE /TLBID:1 /DYNAMICBASE /NXCOMPAT /IMPLIB:"E:\algo_pieter\knutt_morris_prath\Debug\knutt_morris_prath.lib" /MACHINE:X86 Debug\knutt_morris_prath.obj
  Debug\stdafx.obj
  knutt_morris_prath.vcxproj -> E:\algo_pieter\knutt_morris_prath\Debug\knutt_morris_prath.exe
Done Building Project "E:\algo_pieter\knutt_morris_prath\knutt_morris_prath\knutt_morris_prath.vcxproj" (Build target(s)).

Build succeeded.

Time Elapsed 00:00:01.92
